[embeddedandvlsidesignconference.org/index.html]
[backblue.gif]
[fade.gif]
[index.html]
[embeddedandvlsidesignconference.org/wp-content/uploads/2019/12/vlsid_favicon_2020.jpg]
[ajax.googleapis.com/ajax/libs/webfont/1.5.3/webfont.js]
[embeddedandvlsidesignconference.org/wp-content/themes/imevent/assets/plugins/bootstrap/css/bootstrap.min.css]
[embeddedandvlsidesignconference.org/feed/index.html]
[embeddedandvlsidesignconference.org/wp-content/plugins/js_composer/assets/lib/bower/font-awesome/css/font-awesome.min8b06.css]
[embeddedandvlsidesignconference.org/comments/feed/index.html]
[embeddedandvlsidesignconference.org/wp-content/themes/imevent/assets/plugins/bootstrap-select/bootstrap-select.min.css]
[embeddedandvlsidesignconference.org/wp-content/themes/imevent/assets/plugins/owlcarousel2/assets/owl.carousel.min.css]
[embeddedandvlsidesignconference.org/wp-content/themes/imevent/assets/plugins/owlcarousel2/assets/owl.theme.default.min.css]
[embeddedandvlsidesignconference.org/wp-content/plugins/js_composer/assets/lib/prettyphoto/css/prettyPhoto.min8b06.css]
[embeddedandvlsidesignconference.org/wp-content/themes/imevent/assets/plugins/animate/animate.min.css]
[embeddedandvlsidesignconference.org/wp-content/themes/imevent/assets/plugins/countdown/jquery.countdown.css]
[embeddedandvlsidesignconference.org/wp-content/themes/imevent/assets/css/newhome.css]
[embeddedandvlsidesignconference.org/wp-content/themes/imevent/stylec8f9.css]
[embeddedandvlsidesignconference.org/wp-content/plugins/easy-tables-vc/assets/css/style.min7406.css]
[embeddedandvlsidesignconference.org/wp-content/themes/imevent/assets/css/customc8f9.css]
[embeddedandvlsidesignconference.org/wp-content/plugins/easy-tables-vc/assets/css/themes.min7406.css]
[embeddedandvlsidesignconference.org/wp-content/plugins/js_composer/assets/css/js_composer.min8b06.css]
[embeddedandvlsidesignconference.org/wp-content/plugins/masterslider/public/assets/css/masterslider.main2c3d.css]
[embeddedandvlsidesignconference.org/wp-content/uploads/masterslider/customf2b5.css]
[embeddedandvlsidesignconference.org/wp-content/uploads/smile_fonts/Defaults/Defaultsc8f9.css]
[embeddedandvlsidesignconference.org/wp-includes/js/jquery/jqueryb8ff.js]
[embeddedandvlsidesignconference.org/wp-content/plugins/mdn-adn/visitor-stats/js/scripts-frontc8f9.js]
[embeddedandvlsidesignconference.org/xmlrpc0db0.php]
[embeddedandvlsidesignconference.org/wp-includes/wlwmanifest.xml]
[embeddedandvlsidesignconference.org/wp-json/index.html]
[embeddedandvlsidesignconference.org/wp-json/oembed/1.0/embed88f5.json]
[embeddedandvlsidesignconference.org/wp-json/oembed/1.0/embedad98]
[embeddedandvlsidesignconference.org/wp-content/plugins/masterslider/public/assets/css/common/grabbing.cur]
[embeddedandvlsidesignconference.org/wp-content/plugins/masterslider/public/assets/css/common/grab.cur]
[embeddedandvlsidesignconference.org/wp-includes/js/jquery/jquery-migrate.min330a.js]
[embeddedandvlsidesignconference.org/wp-content/uploads/2019/01/87786ac645ba2a2169a69f4d4553c024-700.jpg]
[embeddedandvlsidesignconference.org/wp-content/uploads/2019/12/leela_25_opt43b4.jpg]
[embeddedandvlsidesignconference.org/wp-content/uploads/2019/12/vlsid_new_logo_2020_185_1.jpg]
[embeddedandvlsidesignconference.org/archives/2019.24.delayed]
[embeddedandvlsidesignconference.org/conference-history/index.html]
[embeddedandvlsidesignconference.org/archives/2013/index.html]
[embeddedandvlsidesignconference.org/archives/2014/index.html]
[embeddedandvlsidesignconference.org/archives/2015/index.html]
[embeddedandvlsidesignconference.org/archives/2016/index.html]
[embeddedandvlsidesignconference.org/archives/2018/index.html]
[embeddedandvlsidesignconference.org/contact-us/index.html]
[embeddedandvlsidesignconference.org/design-contest/index.html]
[embeddedandvlsidesignconference.org/call-for-papers/index.html]
[embeddedandvlsidesignconference.org/tutorial-submission/index.html]
[embeddedandvlsidesignconference.org/user-design-track-submission/index.html]
[embeddedandvlsidesignconference.org/student-research-forum-submission/index.html]
[embeddedandvlsidesignconference.org/industry-forum-submission/index.html]
[embeddedandvlsidesignconference.org/tutorial-programme/index.html]
[embeddedandvlsidesignconference.org/visionary-keynote/index.html]
[embeddedandvlsidesignconference.org/banquet-talk/index.html]
[embeddedandvlsidesignconference.org/plenary-sessions/index.html]
[embeddedandvlsidesignconference.org/student-research-forum/index.html]
[embeddedandvlsidesignconference.org/industry-forum/index.html]
[embeddedandvlsidesignconference.org/startup-forum/index.html]
[embeddedandvlsidesignconference.org/sponsors-industry-leaders/index.html]
[embeddedandvlsidesignconference.org/organizing-committee/index.html]
[embeddedandvlsidesignconference.org/wp-content/uploads/2019/12/Jan-M-Rabaey.jpg]
[embeddedandvlsidesignconference.org/technical-programme-committee/index.html]
[embeddedandvlsidesignconference.org/wp-content/uploads/2019/12/baaziz.jpg]
[embeddedandvlsidesignconference.org/steering-committee/index.html]
[embeddedandvlsidesignconference.org/wp-content/uploads/2019/12/nivruti.jpg]
[embeddedandvlsidesignconference.org/wp-content/uploads/2019/12/suk-lee.jpg]
[embeddedandvlsidesignconference.org/wp-content/uploads/2019/12/Max.jpg]
[embeddedandvlsidesignconference.org/wp-content/uploads/2019/12/stefan.jpg]
[embeddedandvlsidesignconference.org/wp-content/uploads/2019/12/Yvain.jpg]
[embeddedandvlsidesignconference.org/wp-content/uploads/2019/12/nava.jpg]
[embeddedandvlsidesignconference.org/wp-content/uploads/2019/12/Jan-M-Rabaey-267x300.jpg]
[embeddedandvlsidesignconference.org/wp-content/uploads/2019/12/baaziz-267x300.jpg]
[embeddedandvlsidesignconference.org/wp-content/uploads/2019/12/nivruti-267x300.jpg]
[embeddedandvlsidesignconference.org/wp-content/uploads/2019/12/suk-lee-267x300.jpg]
[embeddedandvlsidesignconference.org/wp-content/uploads/2019/12/Max-267x300.jpg]
[embeddedandvlsidesignconference.org/wp-content/uploads/2019/12/stefan-267x300.jpg]
[embeddedandvlsidesignconference.org/wp-content/uploads/2019/12/Yvain-267x300.jpg]
[embeddedandvlsidesignconference.org/wp-content/uploads/2019/12/nava-267x300.jpg]
[embeddedandvlsidesignconference.org/wp-content/uploads/2019/12/Dr.-C.N.-Ashwath-Narayanan_1-Copy-Copy.jpg]
[embeddedandvlsidesignconference.org/wp-content/uploads/2019/12/Tejasvi-Surya_1-Copy-1.jpg]
[embeddedandvlsidesignconference.org/wp-content/uploads/2019/12/19-240x270.png]
[embeddedandvlsidesignconference.org/wp-content/uploads/2019/12/14-240x270.png]
[embeddedandvlsidesignconference.org/wp-content/uploads/2019/12/9-240x270.png]
[embeddedandvlsidesignconference.org/wp-content/uploads/2019/12/1-240x270.png]
[embeddedandvlsidesignconference.org/wp-content/uploads/2019/12/26-240x270.png]
[embeddedandvlsidesignconference.org/wp-content/uploads/2019/12/21-240x270.png]
[embeddedandvlsidesignconference.org/wp-content/uploads/2019/12/31-240x270.png]
[embeddedandvlsidesignconference.org/wp-content/uploads/2019/12/36-240x270.png]
[embeddedandvlsidesignconference.org/wp-content/uploads/2019/12/41-240x270.png]
[embeddedandvlsidesignconference.org/wp-content/uploads/2019/10/qualcomm-150x80.jpg]
[embeddedandvlsidesignconference.org/wp-content/uploads/2019/10/cade-150x80.jpg]
[embeddedandvlsidesignconference.org/wp-content/uploads/2019/10/intel-150x80.png]
[embeddedandvlsidesignconference.org/wp-content/uploads/2019/10/mentor-150x80.jpg]
[embeddedandvlsidesignconference.org/wp-content/uploads/2019/10/tsmc-150x80.jpg]
[embeddedandvlsidesignconference.org/wp-content/uploads/2019/10/avatar1-150x80.jpg]
[embeddedandvlsidesignconference.org/wp-content/uploads/2019/12/wd-150x80.jpg]
[embeddedandvlsidesignconference.org/wp-content/uploads/2019/10/xilinx-150x80.jpg]
[embeddedandvlsidesignconference.org/wp-content/uploads/2019/10/hcl3-150x80.jpg]
[embeddedandvlsidesignconference.org/wp-content/uploads/2019/12/microchip-150x80.jpg]
[embeddedandvlsidesignconference.org/wp-content/uploads/2019/12/rvs-150x80.png]
[embeddedandvlsidesignconference.org/wp-content/uploads/2019/10/samsung-150x80.jpg]
[embeddedandvlsidesignconference.org/wp-content/uploads/2019/10/synops-150x80.png]
[embeddedandvlsidesignconference.org/wp-content/uploads/2019/12/vlsid_new_logo_2020_300-300x116.jpg]
[embeddedandvlsidesignconference.org/wp-content/uploads/2018/12/vlsisocietyofindia.png]
[embeddedandvlsidesignconference.org/wp-content/uploads/2019/12/Picture18.png]
[embeddedandvlsidesignconference.org/wp-content/uploads/2019/12/Picture19.png]
[embeddedandvlsidesignconference.org/wp-content/uploads/2019/12/Picture20.png]
[embeddedandvlsidesignconference.org/wp-content/uploads/2019/12/Picture21.png]
[embeddedandvlsidesignconference.org/wp-content/uploads/2019/12/Picture23.png]
[embeddedandvlsidesignconference.org/wp-content/uploads/2019/12/Picture22.png]
[embeddedandvlsidesignconference.org/wp-content/uploads/2019/11/ACM-150x80.jpg]
[embeddedandvlsidesignconference.org/wp-content/uploads/2019/01/sponsor_3-150x80.png]
[embeddedandvlsidesignconference.org/wp-content/uploads/2019/01/sponsor_9-150x80.png]
[embeddedandvlsidesignconference.org/wp-content/uploads/2019/10/CPS-published-by-logo-136x80.jpg]
[embeddedandvlsidesignconference.org/wp-content/uploads/2019/10/ieee-cs-150x80.jpg]
[embeddedandvlsidesignconference.org/wp-content/uploads/2019/10/ieee-bangalore-150x80.jpg]
[embeddedandvlsidesignconference.org/wp-content/uploads/2019/01/sponsor_5-150x80.png]
[embeddedandvlsidesignconference.org/wp-content/uploads/2019/01/sponsor_4-150x80.png]
[embeddedandvlsidesignconference.org/wp-content/uploads/2019/11/sigda-150x80.jpg]
[embeddedandvlsidesignconference.org/wp-content/uploads/2019/11/sigmicro-1-150x80.jpg]
[embeddedandvlsidesignconference.org/wp-content/uploads/2019/01/sponsor_2-150x80.png]
[embeddedandvlsidesignconference.org/wp-content/plugins/masterslider/public/assets/css/blank.gif]
[embeddedandvlsidesignconference.org/wp-content/uploads/2018/12/IoT.png]
[embeddedandvlsidesignconference.org/wp-content/uploads/2018/12/IoT-175x140.png]
[embeddedandvlsidesignconference.org/wp-content/uploads/2018/12/IoT-website.jpg]
[embeddedandvlsidesignconference.org/wp-content/uploads/2018/12/IoT-website-175x140.jpg]
[embeddedandvlsidesignconference.org/wp-content/uploads/2018/12/Internet-of-Things-900x600.jpg]
[embeddedandvlsidesignconference.org/wp-content/uploads/2018/12/Internet-of-Things-900x600-175x140.jpg]
[embeddedandvlsidesignconference.org/wp-content/uploads/2018/12/connected-vehicles.jpg]
[embeddedandvlsidesignconference.org/wp-content/uploads/2018/12/connected-vehicles-175x140.jpg]
[embeddedandvlsidesignconference.org/wp-content/uploads/2018/12/big-data-cloud-perfect-combination.jpg]
[embeddedandvlsidesignconference.org/wp-content/uploads/2018/12/big-data-cloud-perfect-combination-175x140.jpg]
[embeddedandvlsidesignconference.org/wp-content/uploads/2019/01/vidhansoudha_opt.jpg]
[embeddedandvlsidesignconference.org/wp-content/uploads/2018/12/leela_1.jpg]
[embeddedandvlsidesignconference.org/wp-content/uploads/2018/12/bangalore-lalbagh-botanical-garden-152459040648-orijgp.jpg]
[embeddedandvlsidesignconference.org/wp-content/uploads/2019/12/EM-Logo-page-001-300x65.jpg]
[embeddedandvlsidesignconference.org/wp-content/uploads/2019/12/EFY-GroupEFY-300x194.jpg]
[embeddedandvlsidesignconference.org/wp-content/uploads/2019/12/ELE-Times-Logo.png]
[embeddedandvlsidesignconference.org/wp-content/plugins/js_composer/assets/lib/vc_carousel/css/vc_carousel.min8b06.css]
[embeddedandvlsidesignconference.org/wp-content/plugins/js_composer/assets/lib/bower/flexslider/flexslider.min8b06.css]
[embeddedandvlsidesignconference.org/wp-content/themes/imevent/assets/plugins/modernizr.custom.js]
[embeddedandvlsidesignconference.org/wp-content/themes/imevent/assets/plugins/bootstrap/js/bootstrap.min.js]
[embeddedandvlsidesignconference.org/wp-content/themes/imevent/assets/plugins/bootstrap-select/bootstrap-select.min.js]
[embeddedandvlsidesignconference.org/wp-content/themes/imevent/assets/plugins/superfish/js/superfish.js]
[embeddedandvlsidesignconference.org/wp-content/themes/imevent/assets/plugins/prettyphoto/js/jquery.prettyPhoto.js]
[embeddedandvlsidesignconference.org/wp-content/themes/imevent/assets/plugins/jquery.smoothscroll.min.js]
[embeddedandvlsidesignconference.org/wp-content/themes/imevent/assets/plugins/jquery.easing.min.js]
[embeddedandvlsidesignconference.org/wp-content/plugins/js_composer/assets/lib/waypoints/waypoints.min8b06.js]
[embeddedandvlsidesignconference.org/wp-content/themes/imevent/assets/plugins/countdown/jquery.plugin.min.js]
[embeddedandvlsidesignconference.org/wp-content/themes/imevent/assets/plugins/owlcarousel2/owl.carousel.min.js]
[embeddedandvlsidesignconference.org/wp-content/themes/imevent/assets/plugins/countdown/jquery.countdown.min.js]
[embeddedandvlsidesignconference.org/wp-content/themes/imevent/assets/js/register_event.js]
[embeddedandvlsidesignconference.org/wp-content/themes/imevent/assets/js/theme.js]
[embeddedandvlsidesignconference.org/wp-content/themes/imevent/assets/plugins/wow.js]
[embeddedandvlsidesignconference.org/wp-includes/js/jquery/ui/core.mine899.js]
[embeddedandvlsidesignconference.org/wp-content/themes/imevent/assets/js/theme-init.js]
[embeddedandvlsidesignconference.org/wp-includes/js/wp-embed.minc8f9.js]
[embeddedandvlsidesignconference.org/wp-includes/js/jquery/ui/datepicker.mine899.js]
[embeddedandvlsidesignconference.org/wp-content/plugins/js_composer/assets/js/dist/js_composer_front.min8b06.js]
[embeddedandvlsidesignconference.org/wp-content/plugins/js_composer/assets/lib/bower/skrollr/dist/skrollr.min8b06.js]
[embeddedandvlsidesignconference.org/wp-content/themes/imevent/assets/plugins/moment-with-locales.min.js]
[embeddedandvlsidesignconference.org/wp-content/plugins/js_composer/assets/lib/vc_carousel/js/transition.min8b06.js]
[embeddedandvlsidesignconference.org/wp-content/plugins/js_composer/assets/lib/vc_carousel/js/vc_carousel.min8b06.js]
[embeddedandvlsidesignconference.org/wp-content/plugins/js_composer/assets/lib/bower/flexslider/jquery.flexslider-min8b06.js]
[embeddedandvlsidesignconference.org/wp-content/plugins/masterslider/public/assets/js/jquery.easing.min2c3d.js]
[embeddedandvlsidesignconference.org/index.html]
[embeddedandvlsidesignconference.org/xmlrpc.php]
[embeddedandvlsidesignconference.org/wp-content/plugins/masterslider/public/assets/js/masterslider.min2c3d.js]
[embeddedandvlsidesignconference.org/wp-content/themes/imevent/assets/plugins/bootstrap/fonts/glyphicons-halflings-regular.eot]
[embeddedandvlsidesignconference.org/wp-content/themes/imevent/assets/plugins/bootstrap/fonts/glyphicons-halflings-regular.ttf]
[embeddedandvlsidesignconference.org/wp-content/themes/imevent/assets/plugins/bootstrap/fonts/glyphicons-halflings-regular.woff]
[embeddedandvlsidesignconference.org/wp-content/themes/imevent/assets/plugins/bootstrap/css/bootstrap.min.css]
[embeddedandvlsidesignconference.org/wp-content/themes/imevent/assets/plugins/bootstrap/fonts/glyphicons-halflings-regular.svg]
[embeddedandvlsidesignconference.org/wp-content/themes/imevent/assets/plugins/bootstrap/fonts/glyphicons-halflings-regulard41d.eot]
[embeddedandvlsidesignconference.org/wp-content/plugins/js_composer/assets/lib/bower/font-awesome/fonts/fontawesome-webfont3e6e.woff2]
[embeddedandvlsidesignconference.org/wp-content/plugins/js_composer/assets/lib/bower/font-awesome/fonts/fontawesome-webfont3e6e.ttf]
[embeddedandvlsidesignconference.org/wp-content/plugins/js_composer/assets/lib/bower/font-awesome/fonts/fontawesome-webfont3e6e.eot]
[embeddedandvlsidesignconference.org/wp-content/plugins/js_composer/assets/lib/bower/font-awesome/fonts/fontawesome-webfontd41d.eot]
[embeddedandvlsidesignconference.org/wp-content/plugins/js_composer/assets/lib/bower/font-awesome/css/font-awesome.min8b06.css]
[embeddedandvlsidesignconference.org/wp-content/themes/imevent/assets/plugins/bootstrap-select/bootstrap-select.min.css]
[embeddedandvlsidesignconference.org/wp-content/themes/imevent/assets/plugins/owlcarousel2/assets/owl.video.play.png]
[embeddedandvlsidesignconference.org/wp-content/themes/imevent/assets/plugins/owlcarousel2/assets/owl.carousel.min.css]
[embeddedandvlsidesignconference.org/wp-content/themes/imevent/assets/plugins/owlcarousel2/assets/owl.theme.default.min.css]
[embeddedandvlsidesignconference.org/wp-content/plugins/js_composer/assets/lib/bower/font-awesome/fonts/fontawesome-webfont3e6e.woff]
[embeddedandvlsidesignconference.org/wp-content/plugins/js_composer/assets/lib/prettyphoto/images/prettyPhoto/default/sprite.png]
[embeddedandvlsidesignconference.org/wp-content/plugins/js_composer/assets/lib/bower/font-awesome/fonts/fontawesome-webfont3e6e.svg]
[embeddedandvlsidesignconference.org/wp-content/plugins/js_composer/assets/lib/prettyphoto/images/prettyPhoto/default/sprite_x.png]
[embeddedandvlsidesignconference.org/wp-content/plugins/js_composer/assets/lib/prettyphoto/images/prettyPhoto/default/sprite_y.png]
[embeddedandvlsidesignconference.org/wp-content/plugins/js_composer/assets/lib/prettyphoto/images/prettyPhoto/default/sprite_next.png]
[embeddedandvlsidesignconference.org/wp-content/plugins/js_composer/assets/lib/prettyphoto/images/prettyPhoto/default/sprite_prev.png]
[embeddedandvlsidesignconference.org/wp-content/plugins/js_composer/assets/lib/prettyphoto/images/prettyPhoto/default/default_thumb.png]
[embeddedandvlsidesignconference.org/wp-content/plugins/js_composer/assets/lib/prettyphoto/images/prettyPhoto/default/loader.gif]
[embeddedandvlsidesignconference.org/wp-content/plugins/js_composer/assets/lib/prettyphoto/images/prettyPhoto/light_rounded/sprite.png]
[embeddedandvlsidesignconference.org/wp-content/plugins/js_composer/assets/lib/prettyphoto/images/prettyPhoto/light_rounded/btnNext.png]
[embeddedandvlsidesignconference.org/wp-content/plugins/js_composer/assets/lib/prettyphoto/images/prettyPhoto/light_rounded/btnPrevious.png]
[embeddedandvlsidesignconference.org/wp-content/plugins/js_composer/assets/lib/prettyphoto/images/prettyPhoto/light_rounded/loader.gif]
[embeddedandvlsidesignconference.org/wp-content/plugins/js_composer/assets/lib/prettyphoto/images/prettyPhoto/dark_rounded/sprite.png]
[embeddedandvlsidesignconference.org/wp-content/plugins/js_composer/assets/lib/prettyphoto/images/prettyPhoto/dark_rounded/contentPattern.png]
[embeddedandvlsidesignconference.org/wp-content/plugins/js_composer/assets/lib/prettyphoto/images/prettyPhoto/dark_rounded/btnNext.png]
[embeddedandvlsidesignconference.org/wp-content/plugins/js_composer/assets/lib/prettyphoto/images/prettyPhoto/dark_rounded/btnPrevious.png]
[embeddedandvlsidesignconference.org/wp-content/plugins/js_composer/assets/lib/prettyphoto/images/prettyPhoto/dark_rounded/loader.gif]
[embeddedandvlsidesignconference.org/wp-content/plugins/js_composer/assets/lib/prettyphoto/images/prettyPhoto/dark_square/loader.gif]
[embeddedandvlsidesignconference.org/wp-content/plugins/js_composer/assets/lib/prettyphoto/images/prettyPhoto/dark_square/sprite.png]
[embeddedandvlsidesignconference.org/wp-content/plugins/js_composer/assets/lib/prettyphoto/images/prettyPhoto/dark_square/btnNext.png]
[embeddedandvlsidesignconference.org/wp-content/plugins/js_composer/assets/lib/prettyphoto/images/prettyPhoto/dark_square/btnPrevious.png]
[embeddedandvlsidesignconference.org/wp-content/plugins/js_composer/assets/lib/prettyphoto/images/prettyPhoto/light_square/sprite.png]
[embeddedandvlsidesignconference.org/wp-content/plugins/js_composer/assets/lib/prettyphoto/images/prettyPhoto/light_square/btnNext.png]
[embeddedandvlsidesignconference.org/wp-content/plugins/js_composer/assets/lib/prettyphoto/images/prettyPhoto/light_square/btnPrevious.png]
[embeddedandvlsidesignconference.org/wp-content/plugins/js_composer/assets/lib/prettyphoto/images/prettyPhoto/facebook/sprite.png]
[embeddedandvlsidesignconference.org/wp-content/plugins/js_composer/assets/lib/prettyphoto/images/prettyPhoto/facebook/contentPatternTop.png]
[embeddedandvlsidesignconference.org/wp-content/plugins/js_composer/assets/lib/prettyphoto/images/prettyPhoto/facebook/contentPatternLeft.png]
[embeddedandvlsidesignconference.org/wp-content/plugins/js_composer/assets/lib/prettyphoto/images/prettyPhoto/facebook/contentPatternRight.png]
[embeddedandvlsidesignconference.org/wp-content/plugins/js_composer/assets/lib/prettyphoto/images/prettyPhoto/facebook/loader.gif]
[embeddedandvlsidesignconference.org/wp-content/plugins/js_composer/assets/lib/prettyphoto/images/prettyPhoto/facebook/btnNext.png]
[embeddedandvlsidesignconference.org/wp-content/plugins/js_composer/assets/lib/prettyphoto/images/prettyPhoto/facebook/btnPrevious.png]
[embeddedandvlsidesignconference.org/wp-content/plugins/js_composer/assets/lib/prettyphoto/images/prettyPhoto/facebook/contentPatternBottom.png]
[embeddedandvlsidesignconference.org/wp-content/plugins/js_composer/assets/lib/prettyphoto/images/prettyPhoto/facebook/default_thumbnail.gif]
[embeddedandvlsidesignconference.org/wp-content/plugins/js_composer/assets/lib/prettyphoto/css/prettyPhoto.min8b06.css]
[embeddedandvlsidesignconference.org/wp-content/themes/imevent/assets/plugins/animate/animate.min.css]
[embeddedandvlsidesignconference.org/wp-content/themes/imevent/assets/plugins/countdown/jquery.countdown.css]
[embeddedandvlsidesignconference.org/wp-content/themes/imevent/assets/img/background/bg-3.jpg]
[embeddedandvlsidesignconference.org/wp-content/themes/imevent/assets/css/newhome.css]
[embeddedandvlsidesignconference.org/wp-content/themes/img/preview/background-img-slider.jpg]
[embeddedandvlsidesignconference.org/wp-content/themes/imevent/assets/img/overlay.png]
[embeddedandvlsidesignconference.org/wp-content/themes/imevent/stylec8f9.css]
[embeddedandvlsidesignconference.org/wp-content/themes/imevent/assets/css/customc8f9.css]
[embeddedandvlsidesignconference.org/wp-content/plugins/easy-tables-vc/assets/css/style.min7406.css]
[embeddedandvlsidesignconference.org/wp-content/plugins/easy-tables-vc/assets/css/themes.min7406.css]
[embeddedandvlsidesignconference.org/wp-content/plugins/js_composer/assets/vc/alert.png]
[embeddedandvlsidesignconference.org/wp-content/plugins/js_composer/assets/vc/info.png]
[embeddedandvlsidesignconference.org/wp-content/plugins/js_composer/assets/vc/tick.png]
[embeddedandvlsidesignconference.org/wp-content/plugins/js_composer/assets/vc/exclamation.png]
[embeddedandvlsidesignconference.org/wp-content/plugins/js_composer/assets/images/icons/address-book.png]
[embeddedandvlsidesignconference.org/wp-content/plugins/js_composer/assets/images/icons/alarm-clock.png]
[embeddedandvlsidesignconference.org/wp-content/plugins/js_composer/assets/images/icons/anchor.png]
[embeddedandvlsidesignconference.org/wp-content/plugins/js_composer/assets/images/icons/application-image.png]
[embeddedandvlsidesignconference.org/wp-content/plugins/js_composer/assets/images/icons/arrow.png]
[embeddedandvlsidesignconference.org/wp-content/plugins/js_composer/assets/images/icons/asterisk.png]
[embeddedandvlsidesignconference.org/wp-content/plugins/js_composer/assets/images/icons/auction-hammer.png]
[embeddedandvlsidesignconference.org/wp-content/plugins/js_composer/assets/images/icons/balloon.png]
[embeddedandvlsidesignconference.org/wp-content/plugins/js_composer/assets/images/icons/balloon-buzz.png]
[embeddedandvlsidesignconference.org/wp-content/plugins/js_composer/assets/images/icons/balloon-facebook.png]
[embeddedandvlsidesignconference.org/wp-content/plugins/js_composer/assets/images/icons/balloon-twitter.png]
[embeddedandvlsidesignconference.org/wp-content/plugins/js_composer/assets/images/icons/battery-full.png]
[embeddedandvlsidesignconference.org/wp-content/plugins/js_composer/assets/images/icons/binocular.png]
[embeddedandvlsidesignconference.org/wp-content/plugins/js_composer/assets/images/icons/blue-document-excel.png]
[embeddedandvlsidesignconference.org/wp-content/plugins/js_composer/assets/images/icons/blue-document-image.png]
[embeddedandvlsidesignconference.org/wp-content/plugins/js_composer/assets/images/icons/blue-document-music.png]
[embeddedandvlsidesignconference.org/wp-content/plugins/js_composer/assets/images/icons/blue-document-office.png]
[embeddedandvlsidesignconference.org/wp-content/plugins/js_composer/assets/images/icons/blue-document-pdf.png]
[embeddedandvlsidesignconference.org/wp-content/plugins/js_composer/assets/images/icons/blue-document-powerpoint.png]
[embeddedandvlsidesignconference.org/wp-content/plugins/js_composer/assets/images/icons/blue-document-word.png]
[embeddedandvlsidesignconference.org/wp-content/plugins/js_composer/assets/images/icons/bookmark.png]
[embeddedandvlsidesignconference.org/wp-content/plugins/js_composer/assets/images/icons/camcorder.png]
[embeddedandvlsidesignconference.org/wp-content/plugins/js_composer/assets/images/icons/camera.png]
[embeddedandvlsidesignconference.org/wp-content/plugins/js_composer/assets/images/icons/chart.png]
[embeddedandvlsidesignconference.org/wp-content/plugins/js_composer/assets/images/icons/chart-pie.png]
[embeddedandvlsidesignconference.org/wp-content/plugins/js_composer/assets/images/icons/clock.png]
[embeddedandvlsidesignconference.org/wp-content/plugins/js_composer/assets/images/icons/control.png]
[embeddedandvlsidesignconference.org/wp-content/plugins/js_composer/assets/images/icons/fire.png]
[embeddedandvlsidesignconference.org/wp-content/plugins/js_composer/assets/images/icons/heart.png]
[embeddedandvlsidesignconference.org/wp-content/plugins/js_composer/assets/images/icons/mail.png]
[embeddedandvlsidesignconference.org/wp-content/plugins/js_composer/assets/images/icons/plus-shield.png]
[embeddedandvlsidesignconference.org/wp-content/plugins/js_composer/assets/images/icons/video.png]
[embeddedandvlsidesignconference.org/wp-content/plugins/js_composer/assets/fonts/vc_icons_v2/fonts/vcpb-plugin-icons01aa.ttf]
[embeddedandvlsidesignconference.org/wp-content/plugins/js_composer/assets/fonts/vc_icons_v2/fonts/vcpb-plugin-icons01aa.svg]
[embeddedandvlsidesignconference.org/wp-content/plugins/js_composer/assets/fonts/vc_icons_v2/fonts/vcpb-plugin-icons01aa.woff]
[embeddedandvlsidesignconference.org/wp-content/plugins/js_composer/assets/images/toggle_open.png]
[embeddedandvlsidesignconference.org/wp-content/plugins/js_composer/assets/images/toggle_close.png]
[embeddedandvlsidesignconference.org/wp-content/plugins/js_composer/assets/images/flickr.png]
[embeddedandvlsidesignconference.org/wp-content/plugins/js_composer/assets/fonts/vc_grid/vc_grid_v157a1.eot]
[embeddedandvlsidesignconference.org/wp-content/plugins/js_composer/assets/fonts/vc_grid/vc_grid_v1d41d.eot]
[embeddedandvlsidesignconference.org/wp-content/plugins/js_composer/assets/fonts/vc_grid/vc_grid_v157a1.woff]
[embeddedandvlsidesignconference.org/wp-content/plugins/js_composer/assets/fonts/vc_grid/vc_grid_v157a1.ttf]
[embeddedandvlsidesignconference.org/wp-content/plugins/js_composer/assets/fonts/vc_grid/vc_grid_v157a1.svg]
[embeddedandvlsidesignconference.org/wp-content/plugins/js_composer/assets/images/spinner.gif]
[embeddedandvlsidesignconference.org/wp-content/plugins/js_composer/assets/vc/remove.png]
[embeddedandvlsidesignconference.org/wp-content/plugins/js_composer/assets/css/js_composer.min8b06.css]
[embeddedandvlsidesignconference.org/wp-content/plugins/masterslider/public/assets/css/common/loading-2.gif]
[embeddedandvlsidesignconference.org/wp-content/plugins/masterslider/public/assets/css/common/grab.png]
[embeddedandvlsidesignconference.org/wp-content/plugins/masterslider/public/assets/css/common/grabbing.png]
[embeddedandvlsidesignconference.org/wp-content/plugins/masterslider/public/assets/css/common/video-close-btn.png]
[embeddedandvlsidesignconference.org/wp-content/plugins/masterslider/public/assets/css/skins/light-skin-1.png]
[embeddedandvlsidesignconference.org/wp-content/plugins/masterslider/public/assets/css/skins/light-skin-1-retina.png]
[embeddedandvlsidesignconference.org/wp-content/plugins/masterslider/public/assets/css/skins/black-skin-1.png]
[embeddedandvlsidesignconference.org/wp-content/plugins/masterslider/public/assets/css/skins/black-skin-1-retina.png]
[embeddedandvlsidesignconference.org/wp-content/plugins/masterslider/public/assets/css/skins/black-skin-2.png]
[embeddedandvlsidesignconference.org/wp-content/plugins/masterslider/public/assets/css/skins/black-skin-2-retina.png]
[embeddedandvlsidesignconference.org/wp-content/plugins/masterslider/public/assets/css/skins/light-skin-2.png]
[embeddedandvlsidesignconference.org/wp-content/plugins/masterslider/public/assets/css/skins/light-skin-2-retina.png]
[embeddedandvlsidesignconference.org/wp-content/plugins/masterslider/public/assets/css/skins/light-skin-3.png]
[embeddedandvlsidesignconference.org/wp-content/plugins/masterslider/public/assets/css/skins/light-skin-3-retina.png]
[embeddedandvlsidesignconference.org/wp-content/plugins/masterslider/public/assets/css/skins/light-skin-4.png]
[embeddedandvlsidesignconference.org/wp-content/plugins/masterslider/public/assets/css/skins/light-skin-4-retina.png]
[embeddedandvlsidesignconference.org/wp-content/plugins/masterslider/public/assets/css/skins/light-skin-5.png]
[embeddedandvlsidesignconference.org/wp-content/plugins/masterslider/public/assets/css/skins/light-skin-5-retina.png]
[embeddedandvlsidesignconference.org/wp-content/plugins/masterslider/public/assets/css/skins/light-skin-6.png]
[embeddedandvlsidesignconference.org/wp-content/plugins/masterslider/public/assets/css/skins/light-skin-6-retina.png]
[embeddedandvlsidesignconference.org/wp-content/plugins/masterslider/public/assets/css/skins/metro-skin.png]
[embeddedandvlsidesignconference.org/wp-content/plugins/masterslider/public/assets/css/skins/metro-skin-retina.png]
[embeddedandvlsidesignconference.org/wp-content/plugins/masterslider/public/assets/css/skins/minimal.svg]
[embeddedandvlsidesignconference.org/wp-content/plugins/masterslider/public/assets/css/skins/contrast-skin.png]
[embeddedandvlsidesignconference.org/wp-content/plugins/masterslider/public/assets/css/skins/contrast-skin-retina.png]
[embeddedandvlsidesignconference.org/wp-content/plugins/masterslider/public/assets/css/templates/device-skin.png]
[embeddedandvlsidesignconference.org/wp-content/plugins/masterslider/public/assets/css/templates/gallery-btns.png]
[embeddedandvlsidesignconference.org/wp-content/plugins/masterslider/public/assets/css/templates/staff-arrows.png]
[embeddedandvlsidesignconference.org/wp-content/plugins/masterslider/public/assets/css/templates/vertical-arrows.png]
[embeddedandvlsidesignconference.org/wp-content/plugins/masterslider/public/assets/css/masterslider.main2c3d.css]
[demo.averta.net/themes/lotus/dummy-agency/wp-content/uploads/2017/06/postslider-5-icon-arrow-up.png]
[embeddedandvlsidesignconference.org/wp-content/uploads/masterslider/customf2b5.css]
[embeddedandvlsidesignconference.org/wp-content/uploads/smile_fonts/Defaults/Defaults21ea.ttf]
[embeddedandvlsidesignconference.org/wp-content/uploads/smile_fonts/Defaults/Defaults21ea.eot]
[embeddedandvlsidesignconference.org/wp-content/uploads/smile_fonts/Defaults/Defaults21ea.svg]
[embeddedandvlsidesignconference.org/wp-content/uploads/smile_fonts/Defaults/Defaultsc8f9.css]
[embeddedandvlsidesignconference.org/wp-content/uploads/smile_fonts/Defaults/Defaultsd41d.eot]
[embeddedandvlsidesignconference.org/wp-content/uploads/smile_fonts/Defaults/Defaults21ea.woff]
[embeddedandvlsidesignconference.org/wp-json/oembed/1.0/embeddd54.json]
[embeddedandvlsidesignconference.org/conference-history/index.html]
[embeddedandvlsidesignconference.org/archives/2013/index.html]
[embeddedandvlsidesignconference.org/archives/2014/index.html]
[embeddedandvlsidesignconference.org/archives/2015/index.html]
[embeddedandvlsidesignconference.org/archives/2016/index.html]
[embeddedandvlsidesignconference.org/archives/2018/index.html]
[embeddedandvlsidesignconference.org/archives/2019.html]
[embeddedandvlsidesignconference.org/wp-json/oembed/1.0/embed2d8b]
[embeddedandvlsidesignconference.org/wp-content/plugins/jgtforms/css/formreset.minfc3c.css]
[embeddedandvlsidesignconference.org/wp-content/plugins/jgtforms/css/formsmain.minfc3c.css]
[embeddedandvlsidesignconference.org/wp-content/plugins/jgtforms/css/readyclass.minfc3c.css]
[embeddedandvlsidesignconference.org/wp-content/plugins/jgtforms/css/browsers.minfc3c.css]
[embeddedandvlsidesignconference.org/wp-content/plugins/Ultimate_VC_Addons/assets/min-css/style.minf14a.css]
[embeddedandvlsidesignconference.org/wp-content/plugins/Ultimate_VC_Addons/assets/min-css/content-box.minf14a.css]
[embeddedandvlsidesignconference.org/wp-content/plugins/jgtforms/js/jquery.json.minfc3c.js]
[embeddedandvlsidesignconference.org/wp-content/plugins/jgtforms/js/jgtforms.minfc3c.js]
[embeddedandvlsidesignconference.org/wp-content/plugins/Ultimate_VC_Addons/assets/min-js/ultimate-params.minf14a.js]
[embeddedandvlsidesignconference.org/wp-json/oembed/1.0/embed2911.json]
[embeddedandvlsidesignconference.org/wp-json/oembed/1.0/embed63ca]
[embeddedandvlsidesignconference.org/cdn-cgi/l/email-protection.html]
[embeddedandvlsidesignconference.org/cdn-cgi/scripts/5c5dd728/cloudflare-static/email-decode.min.js]
[embeddedandvlsidesignconference.org/wp-content/plugins/Ultimate_VC_Addons/assets/min-js/content-box.minf14a.js]
[www.google.com/recaptcha/apie674.js]
[embeddedandvlsidesignconference.org/contact-us/index.html]
[embeddedandvlsidesignconference.org/wp-json/oembed/1.0/embed1508.json]
[embeddedandvlsidesignconference.org/wp-json/oembed/1.0/embede74b]
[embeddedandvlsidesignconference.org/wp-content/uploads/2019/12/kit.png]
[embeddedandvlsidesignconference.org/design-contest/index.html]
[embeddedandvlsidesignconference.org/wp-content/plugins/Ultimate_VC_Addons/assets/min-css/animate.minf14a.css]
[embeddedandvlsidesignconference.org/wp-content/plugins/Ultimate_VC_Addons/assets/min-js/jquery-appear.minf14a.js]
[embeddedandvlsidesignconference.org/wp-content/plugins/Ultimate_VC_Addons/assets/min-js/custom.minf14a.js]
[embeddedandvlsidesignconference.org/wp-json/oembed/1.0/embed277b.json]
[embeddedandvlsidesignconference.org/call-for-papers/index.html]
[embeddedandvlsidesignconference.org/wp-json/oembed/1.0/embedf48d]
[embeddedandvlsidesignconference.org/wp-json/oembed/1.0/embedfdf6.json]
[embeddedandvlsidesignconference.org/tutorial-submission/index.html]
[embeddedandvlsidesignconference.org/wp-json/oembed/1.0/embed6e6b]
[embeddedandvlsidesignconference.org/wp-json/oembed/1.0/embede8f6.json]
[embeddedandvlsidesignconference.org/wp-json/oembed/1.0/embed5ce5]
[embeddedandvlsidesignconference.org/wp-content/uploads/2019/12/VLSID-UDT-Template.pptx]
[embeddedandvlsidesignconference.org/wp-content/uploads/2019/12/VLSID-UDT-Poster-Template.pptx]
[embeddedandvlsidesignconference.org/user-design-track-submission/index.html]
[embeddedandvlsidesignconference.org/wp-json/oembed/1.0/embed2fc1.json]
[embeddedandvlsidesignconference.org/wp-json/oembed/1.0/embed005f]
[embeddedandvlsidesignconference.org/wp-content/uploads/2019/10/VLSI-2020-1.png]
[embeddedandvlsidesignconference.org/wp-content/uploads/2019/10/VLSI-2020.pdf]
[embeddedandvlsidesignconference.org/wp-content/plugins/js_composer/assets/lib/bower/zoom/jquery.zoom.min8b06.js]
[embeddedandvlsidesignconference.org/wp-content/plugins/js_composer/assets/lib/vc_image_zoom/vc_image_zoom.min8b06.js]
[embeddedandvlsidesignconference.org/student-research-forum-submission/index.html]
[embeddedandvlsidesignconference.org/wp-json/oembed/1.0/embed8e6d.json]
[embeddedandvlsidesignconference.org/wp-json/oembed/1.0/embed7e42]
[embeddedandvlsidesignconference.org/wp-content/uploads/2019/09/Industry-Forum-Call-for-Participation-1.pdf]
[embeddedandvlsidesignconference.org/industry-forum-submission/index.html]
[embeddedandvlsidesignconference.org/program/index.html]
[embeddedandvlsidesignconference.org/wp-json/oembed/1.0/embede202.json]
[embeddedandvlsidesignconference.org/wp-json/oembed/1.0/embed5ecf]
[embeddedandvlsidesignconference.org/wp-content/uploads/2020/01/Manish-Pandey-min.pdf]
[embeddedandvlsidesignconference.org/wp-content/uploads/2020/01/Swagath-Venkataramani-min.pdf]
[embeddedandvlsidesignconference.org/wp-content/uploads/2020/01/Yu-Wang-min.pdf]
[embeddedandvlsidesignconference.org/wp-content/uploads/2020/01/Qadeer-Khan-min.pdf]
[embeddedandvlsidesignconference.org/wp-content/uploads/2020/01/Shreyas-Sen-min.pdf]
[embeddedandvlsidesignconference.org/wp-content/uploads/2020/01/Luca-Carloni-min.pdf]
[embeddedandvlsidesignconference.org/wp-content/uploads/2020/01/Andreas-Gerstlauer-min.pdf]
[embeddedandvlsidesignconference.org/wp-content/uploads/2020/01/Tulika-Mitra-min.pdf]
[embeddedandvlsidesignconference.org/wp-content/uploads/2020/01/Shivam-Bhasin-min.pdf]
[embeddedandvlsidesignconference.org/wp-content/uploads/2020/01/Makoto-Ikeda-min.pdf]
[embeddedandvlsidesignconference.org/wp-content/uploads/2020/01/Makoto-Nagata-min.pdf]
[embeddedandvlsidesignconference.org/wp-content/uploads/2020/01/J-A-Abraham-min-1.pdf]
[embeddedandvlsidesignconference.org/wp-content/uploads/2020/01/Shawn-Blanton-min.pdf]
[embeddedandvlsidesignconference.org/wp-content/uploads/2020/01/Abhijit-Chatterjee-min.pdf]
[embeddedandvlsidesignconference.org/wp-content/uploads/2020/01/Nirmal-Saxena-min.pdf]
[embeddedandvlsidesignconference.org/wp-content/uploads/2019/11/table_2.png]
[embeddedandvlsidesignconference.org/tutorial-programme/index.html]
[embeddedandvlsidesignconference.org/wp-json/oembed/1.0/embed9d75.json]
[embeddedandvlsidesignconference.org/wp-json/oembed/1.0/embedb1ae]
[embeddedandvlsidesignconference.org/wp-content/uploads/2019/12/baaziz.png]
[embeddedandvlsidesignconference.org/wp-content/uploads/2019/11/rai-r.jpg]
[embeddedandvlsidesignconference.org/wp-content/uploads/2019/10/suk.jpg]
[embeddedandvlsidesignconference.org/wp-content/uploads/2019/11/max-r.jpg]
[embeddedandvlsidesignconference.org/wp-content/uploads/2019/11/ste-r.jpg]
[embeddedandvlsidesignconference.org/wp-content/uploads/2019/10/yvain.jpg]
[embeddedandvlsidesignconference.org/wp-content/uploads/2019/12/nav.jpg]
[embeddedandvlsidesignconference.org/visionary-keynote/index.html]
[embeddedandvlsidesignconference.org/wp-json/oembed/1.0/embed469e.json]
[embeddedandvlsidesignconference.org/wp-json/oembed/1.0/embed9189]
[embeddedandvlsidesignconference.org/wp-content/uploads/2019/10/jan.jpg]
[embeddedandvlsidesignconference.org/banquet-talk/index.html]
[embeddedandvlsidesignconference.org/invited-talks/index.html]
[embeddedandvlsidesignconference.org/wp-json/oembed/1.0/embed1bea.json]
[embeddedandvlsidesignconference.org/wp-json/oembed/1.0/embed9cd7]
[embeddedandvlsidesignconference.org/wp-content/uploads/2019/12/nishant-150x150.jpg]
[embeddedandvlsidesignconference.org/wp-content/uploads/2019/12/lee-150x150.jpg]
[embeddedandvlsidesignconference.org/wp-content/uploads/2019/12/song-150x150.jpg]
[embeddedandvlsidesignconference.org/wp-content/uploads/2019/12/1-150x150.jpg]
[embeddedandvlsidesignconference.org/wp-content/uploads/2019/12/2-150x150.jpg]
[embeddedandvlsidesignconference.org/wp-content/uploads/2019/12/3-150x150.jpg]
[embeddedandvlsidesignconference.org/wp-content/uploads/2019/12/4-150x150.jpg]
[embeddedandvlsidesignconference.org/wp-content/uploads/2019/12/5-150x150.jpg]
[embeddedandvlsidesignconference.org/wp-content/uploads/2019/12/6-150x150.jpg]
[embeddedandvlsidesignconference.org/wp-content/uploads/2020/01/Startup-Forum-page-001.jpg]
[embeddedandvlsidesignconference.org/plenary-sessions/index.html]
[embeddedandvlsidesignconference.org/wp-json/oembed/1.0/embed060f.json]
[embeddedandvlsidesignconference.org/wp-json/oembed/1.0/embeda94a]
[embeddedandvlsidesignconference.org/wp-content/uploads/2019/12/poster-format_ver1.0.pptx]
[embeddedandvlsidesignconference.org/student-research-forum/index.html]
[embeddedandvlsidesignconference.org/wp-json/oembed/1.0/embed3ede.json]
[embeddedandvlsidesignconference.org/wp-json/oembed/1.0/embed0ee6]
[embeddedandvlsidesignconference.org/wp-content/uploads/2019/12/2.1.jpg]
[embeddedandvlsidesignconference.org/wp-content/uploads/2019/12/2.2.jpg]
[embeddedandvlsidesignconference.org/wp-content/uploads/2019/12/2.3.jpg]
[embeddedandvlsidesignconference.org/wp-content/uploads/2019/12/musunri.jpg]
[embeddedandvlsidesignconference.org/wp-content/uploads/2019/12/ganesh.jpg]
[embeddedandvlsidesignconference.org/wp-content/uploads/2019/10/26_1-1.jpg]
[embeddedandvlsidesignconference.org/wp-content/uploads/2019/12/3.1.jpg]
[embeddedandvlsidesignconference.org/wp-content/uploads/2019/12/3.2.jpg]
[embeddedandvlsidesignconference.org/wp-content/uploads/2019/12/3.3.jpg]
[embeddedandvlsidesignconference.org/industry-forum/index.html]
[embeddedandvlsidesignconference.org/wp-json/oembed/1.0/embed8d96.json]
[embeddedandvlsidesignconference.org/startup-forum/index.html]
[embeddedandvlsidesignconference.org/user-design-track/index.html]
[embeddedandvlsidesignconference.org/wp-json/oembed/1.0/embed9de3]
[embeddedandvlsidesignconference.org/wp-json/oembed/1.0/embed8d64.json]
[embeddedandvlsidesignconference.org/wp-json/oembed/1.0/embedb855]
[embeddedandvlsidesignconference.org/wp-content/uploads/2019/10/qualcomm.jpg]
[embeddedandvlsidesignconference.org/wp-content/uploads/2019/10/cade.jpg]
[embeddedandvlsidesignconference.org/wp-content/uploads/2019/10/intel.png]
[embeddedandvlsidesignconference.org/wp-content/uploads/2019/10/mentor.jpg]
[embeddedandvlsidesignconference.org/wp-content/uploads/2019/10/tsmc.jpg]
[embeddedandvlsidesignconference.org/wp-content/uploads/2019/10/avatar1.jpg]
[embeddedandvlsidesignconference.org/wp-content/uploads/2019/12/wd.jpg]
[embeddedandvlsidesignconference.org/wp-content/uploads/2019/10/xilinx.jpg]
[embeddedandvlsidesignconference.org/wp-content/uploads/2019/10/hcl3.jpg]
[embeddedandvlsidesignconference.org/wp-content/uploads/2019/12/microchip.jpg]
[embeddedandvlsidesignconference.org/wp-content/uploads/2019/12/rvs.png]
[embeddedandvlsidesignconference.org/wp-content/uploads/2019/10/samsung.jpg]
[embeddedandvlsidesignconference.org/wp-content/uploads/2019/10/synops.png]
[embeddedandvlsidesignconference.org/sponsors-industry-leaders/index.html]
[embeddedandvlsidesignconference.org/sponsors-academic-institutions/index.html]
[embeddedandvlsidesignconference.org/sponsors-pricing/index.html]
[embeddedandvlsidesignconference.org/exhibitors-pricing/index.html]
[embeddedandvlsidesignconference.org/wp-json/oembed/1.0/embedebce.json]
[embeddedandvlsidesignconference.org/wp-json/oembed/1.0/embedcd78]
[embeddedandvlsidesignconference.org/wp-content/uploads/2019/10/aishwani-1.jpg]
[embeddedandvlsidesignconference.org/wp-content/uploads/2019/10/sachid-2.jpg]
[embeddedandvlsidesignconference.org/wp-content/uploads/2019/10/sambit-sahu-1.jpg]
[embeddedandvlsidesignconference.org/wp-content/uploads/2019/10/veeresh.png]
[embeddedandvlsidesignconference.org/wp-content/uploads/2019/10/sumit-G-1.jpg]
[embeddedandvlsidesignconference.org/wp-content/uploads/2019/10/Subhasish-Mitra-1.jpg]
[embeddedandvlsidesignconference.org/wp-content/uploads/2019/10/David-Atienza-1.jpg]
[embeddedandvlsidesignconference.org/wp-content/uploads/2019/10/Manan-Suri-1.jpg]
[embeddedandvlsidesignconference.org/wp-content/uploads/2019/10/Samuel-Dorairaj-1.jpg]
[embeddedandvlsidesignconference.org/wp-content/uploads/2019/10/6.jpg]
[embeddedandvlsidesignconference.org/wp-content/uploads/2019/10/prasad.jpg]
[embeddedandvlsidesignconference.org/wp-content/uploads/2019/10/shabb.jpg]
[embeddedandvlsidesignconference.org/wp-content/uploads/2019/10/amir.jpg]
[embeddedandvlsidesignconference.org/wp-content/uploads/2019/10/Debabrata-Das-1.jpg]
[embeddedandvlsidesignconference.org/wp-content/uploads/2019/10/Amlan-Chakraborty-1.jpg]
[embeddedandvlsidesignconference.org/wp-content/uploads/2019/10/Jon-Jose-1.jpg]
[embeddedandvlsidesignconference.org/wp-content/uploads/2019/10/Hafizur-Rehman-1.jpg]
[embeddedandvlsidesignconference.org/wp-content/uploads/2019/10/shail.jpg]
[embeddedandvlsidesignconference.org/wp-content/uploads/2019/10/gaur.jpg]
[embeddedandvlsidesignconference.org/wp-content/uploads/2019/10/alpesh-1.jpg]
[embeddedandvlsidesignconference.org/wp-content/uploads/2019/10/Parvesh-Chapra-1.jpg]
[embeddedandvlsidesignconference.org/wp-content/uploads/2019/10/123322-1.jpg]
[embeddedandvlsidesignconference.org/wp-content/uploads/2019/10/DSC.jpg]
[embeddedandvlsidesignconference.org/wp-content/uploads/2019/10/sand.jpg]
[embeddedandvlsidesignconference.org/wp-content/uploads/2019/11/vlsi-pics.jpg]
[embeddedandvlsidesignconference.org/wp-content/uploads/2019/10/navin.jpg]
[embeddedandvlsidesignconference.org/wp-content/uploads/2019/10/sudip.jpg]
[embeddedandvlsidesignconference.org/wp-content/uploads/2019/10/roopa.jpg]
[embeddedandvlsidesignconference.org/wp-content/uploads/2019/10/ravi.jpg]
[embeddedandvlsidesignconference.org/wp-content/uploads/2019/10/Vasantha-Erraguntla-1.jpg]
[embeddedandvlsidesignconference.org/wp-content/uploads/2019/10/Annajirao-Garimella-1.jpg]
[embeddedandvlsidesignconference.org/wp-content/uploads/2019/10/madv.jpg]
[embeddedandvlsidesignconference.org/wp-content/uploads/2019/10/pradeep.jpg]
[embeddedandvlsidesignconference.org/wp-content/uploads/2019/10/Puneet-Kumar-1.jpg]
[embeddedandvlsidesignconference.org/wp-content/uploads/2019/10/biswadeep.jpg]
[embeddedandvlsidesignconference.org/wp-content/uploads/2019/11/pavan.jpg]
[embeddedandvlsidesignconference.org/wp-content/uploads/2019/10/Nagi-Naganathan-1.jpg]
[embeddedandvlsidesignconference.org/wp-content/uploads/2019/10/chitra.jpg]
[embeddedandvlsidesignconference.org/wp-content/uploads/2019/10/ver-1.jpg]
[embeddedandvlsidesignconference.org/wp-content/uploads/2019/10/Parag-Kar-1.jpg]
[embeddedandvlsidesignconference.org/wp-content/uploads/2019/10/Kuttappa-Bittiananda-1.jpg]
[embeddedandvlsidesignconference.org/wp-content/uploads/2019/10/Aloknath-De-1.jpg]
[embeddedandvlsidesignconference.org/wp-content/uploads/2019/10/Ravi-Rao-1.jpg]
[embeddedandvlsidesignconference.org/wp-content/uploads/2019/11/guru1-1.jpg]
[embeddedandvlsidesignconference.org/wp-content/uploads/2019/10/28-1.jpg]
[embeddedandvlsidesignconference.org/wp-content/uploads/2019/10/25_1-1.jpg]
[embeddedandvlsidesignconference.org/wp-content/uploads/2019/10/27-1.jpg]
[embeddedandvlsidesignconference.org/wp-content/uploads/2019/10/Srini-Maddali-1.jpg]
[embeddedandvlsidesignconference.org/wp-content/uploads/2019/10/30_1-1.jpg]
[embeddedandvlsidesignconference.org/organizing-committee/index.html]
[embeddedandvlsidesignconference.org/wp-json/oembed/1.0/embedbd3f]
[embeddedandvlsidesignconference.org/wp-json/oembed/1.0/embed2898.json]
[embeddedandvlsidesignconference.org/wp-content/uploads/2019/07/shubhashish_m_400-235x300.png]
[embeddedandvlsidesignconference.org/wp-content/uploads/2019/07/DavidAtienza-_vlsid-260x300.png]
[embeddedandvlsidesignconference.org/wp-content/uploads/2019/07/Manan_511-214x300.png]
[embeddedandvlsidesignconference.org/technical-programme-committee/index.html]
[embeddedandvlsidesignconference.org/wp-json/oembed/1.0/embed138d.json]
[embeddedandvlsidesignconference.org/wp-json/oembed/1.0/embedb1b2]
[embeddedandvlsidesignconference.org/wp-content/uploads/2019/12/steergin.jpg]
[embeddedandvlsidesignconference.org/steering-committee/index.html]
[embeddedandvlsidesignconference.org/user-design-tpc/index.html]
[embeddedandvlsidesignconference.org/registration/index.html]
[embeddedandvlsidesignconference.org/invitation-for-fellowships/index.html]
[embeddedandvlsidesignconference.org/venue/index.html]
[embeddedandvlsidesignconference.org/floorplan/index.html]
[embeddedandvlsidesignconference.org/accommodation/index.html]
[embeddedandvlsidesignconference.org/visa-information/index.html]
[embeddedandvlsidesignconference.org/wp-content/plugins/js_composer/assets/lib/vc_carousel/css/vc_carousel.min8b06.css]
[embeddedandvlsidesignconference.org/wp-content/plugins/js_composer/assets/lib/bower/flexslider/fonts/flexslider-icon.eot]
[embeddedandvlsidesignconference.org/wp-content/plugins/js_composer/assets/lib/bower/flexslider/fonts/flexslider-icon.woff]
[embeddedandvlsidesignconference.org/wp-content/plugins/js_composer/assets/lib/bower/flexslider/fonts/flexslider-icon.ttf]
[embeddedandvlsidesignconference.org/wp-content/plugins/js_composer/assets/lib/bower/flexslider/flexslider.min8b06.css]
[embeddedandvlsidesignconference.org/wp-content/themes/imevent/assets/js/custom.js]
[embeddedandvlsidesignconference.org/wp-content/themes/imevent/assets/plugins/bootstrap/fonts/glyphicons-halflings-regular.svg]
[embeddedandvlsidesignconference.org/wp-content/plugins/js_composer/assets/lib/bower/font-awesome/fonts/fontawesome-webfont3e6e.svg]
[embeddedandvlsidesignconference.org/wp-content/themes/imevent/assets/img/background/bg-3.html]
[embeddedandvlsidesignconference.org/wp-content/themes/img/preview/background-img-slider.html]
[embeddedandvlsidesignconference.org/wp-content/plugins/js_composer/assets/fonts/vc_icons_v2/fonts/vcpb-plugin-icons01aa.svg]
[embeddedandvlsidesignconference.org/wp-content/plugins/js_composer/assets/fonts/vc_grid/vc_grid_v157a1.svg]
[embeddedandvlsidesignconference.org/wp-content/plugins/masterslider/public/assets/css/skins/minimal.svg]
[embeddedandvlsidesignconference.org/wp-content/plugins/js_composer/assets/lib/bower/flexslider/fonts/flexslider-icond41d.eot]
[embeddedandvlsidesignconference.org/wp-content/plugins/js_composer/assets/lib/bower/flexslider/fonts/flexslider-icon.svg]
[embeddedandvlsidesignconference.org/wp-content/uploads/smile_fonts/Defaults/Defaults21ea.svg]
[embeddedandvlsidesignconference.org/indexa7ea.html]
[embeddedandvlsidesignconference.org/wp-content/plugins/jgtforms/css/formreset.minfc3c.css]
[embeddedandvlsidesignconference.org/wp-content/plugins/jgtforms/images/gf-creditcard-icons.png]
[embeddedandvlsidesignconference.org/wp-content/plugins/jgtforms/css/chosen-sprite.png]
[embeddedandvlsidesignconference.org/wp-content/plugins/jgtforms/css/chosen-sprite@2x.png]
[embeddedandvlsidesignconference.org/wp-content/plugins/jgtforms/css/formsmain.minfc3c.css]
[embeddedandvlsidesignconference.org/wp-content/plugins/jgtforms/css/readyclass.minfc3c.css]
[embeddedandvlsidesignconference.org/wp-content/plugins/jgtforms/css/browsers.minfc3c.css]
[embeddedandvlsidesignconference.org/wp-content/plugins/Ultimate_VC_Addons/assets/min-css/style.minf14a.css]
[embeddedandvlsidesignconference.org/wp-content/plugins/Ultimate_VC_Addons/assets/min-css/content-box.minf14a.css]
[embeddedandvlsidesignconference.org/indexc190.html]
[embeddedandvlsidesignconference.org/cdn-cgi/l/email-protection.html]
[embeddedandvlsidesignconference.org/index22ee.html]
[embeddedandvlsidesignconference.org/wp-content/plugins/Ultimate_VC_Addons/assets/min-css/animate.minf14a.css]
[embeddedandvlsidesignconference.org/indexe75f.html]
[embeddedandvlsidesignconference.org/schedule/regular-papers-abstract-submission/index.html]
[embeddedandvlsidesignconference.org/schedule/regular-papers-full-paper-submission/index.html]
[embeddedandvlsidesignconference.org/schedule/regular-papers-acceptance-notification/index.html]
[embeddedandvlsidesignconference.org/schedule/regular-papers-camera-ready-version/index.html]
[embeddedandvlsidesignconference.org/schedule/tutorials-proposal-submission/index.html]
[embeddedandvlsidesignconference.org/schedule/tutorials-acceptance-notification/index.html]
[embeddedandvlsidesignconference.org/schedule/tutorials-slide-submission/index.html]
[embeddedandvlsidesignconference.org/schedule/designer-track-abstract-submission/index.html]
[embeddedandvlsidesignconference.org/schedule/designer-track-acceptance-notification/index.html]
[embeddedandvlsidesignconference.org/schedule/designer-track-final-presentation/index.html]
[embeddedandvlsidesignconference.org/indexc73b.html]
[embeddedandvlsidesignconference.org/index8ddc.html]
[embeddedandvlsidesignconference.org/indexa107.html]
[embeddedandvlsidesignconference.org/index674c.html]
[embeddedandvlsidesignconference.org/index9c1b.html]
[embeddedandvlsidesignconference.org/wp-content/uploads/2020/01/Swagath-Venkataramani-min.pdf]
[embeddedandvlsidesignconference.org/wp-content/uploads/2020/01/Yu-Wang-min.pdf]
[embeddedandvlsidesignconference.org/wp-content/uploads/2020/01/Qadeer-Khan-min.pdf]
[embeddedandvlsidesignconference.org/wp-content/uploads/2020/01/Shreyas-Sen-min.pdf]
[embeddedandvlsidesignconference.org/wp-content/uploads/2020/01/Luca-Carloni-min.pdf]
[embeddedandvlsidesignconference.org/wp-content/uploads/2020/01/Tulika-Mitra-min.pdf]
[embeddedandvlsidesignconference.org/wp-content/uploads/2020/01/Makoto-Ikeda-min.pdf]
[embeddedandvlsidesignconference.org/wp-content/uploads/2020/01/Makoto-Nagata-min.pdf]
[embeddedandvlsidesignconference.org/wp-content/uploads/2020/01/Abhijit-Chatterjee-min.pdf]
[embeddedandvlsidesignconference.org/wp-content/uploads/2020/01/Nirmal-Saxena-min.pdf]
[embeddedandvlsidesignconference.org/index4377.html]
[embeddedandvlsidesignconference.org/index6d70.html]
[embeddedandvlsidesignconference.org/index8aa6.html]
[embeddedandvlsidesignconference.org/indexb8cb.html]
[embeddedandvlsidesignconference.org/index7097.html]
[embeddedandvlsidesignconference.org/index348c.html]
[embeddedandvlsidesignconference.org/index9fdd.html]
[embeddedandvlsidesignconference.org/index09e5.html]
[embeddedandvlsidesignconference.org/indexce54.html]
[embeddedandvlsidesignconference.org/technical-programme-committee/'data_image/svg+xml;utf-8,__xml version=_1.0_ encoding=_utf/W3C/DTD SVG 1.1/EN_ _http_/www.w3.org/Graphics/SVG/1.1/svg_'.1c8.delaye]
[embeddedandvlsidesignconference.org/technical-programme-committee/data_image/svg+xml;utf-8,__xml version=_1.0_ encoding=_utf/W3C/DTD SVG 1.1/EN_ _http_/www.w3.org/Graphics/SVG/1.1/D/svg_.1d3.delaye]
[embeddedandvlsidesignconference.org/indexde4f.html]
[embeddedandvlsidesignconference.org/wp-content/plugins/js_composer/assets/lib/bower/flexslider/fonts/flexslider-icon.svg]
[embeddedandvlsidesignconference.org/wp-content/uploads/2020/01/Qadeer-Khan-min.pdf]
[embeddedandvlsidesignconference.org/technical-programme-committee/data_image/svg+xml;utf-8,__xml version=_1.0_ encoding=_utf/W3C/DTD SVG 1.1/EN_ _http_/www.w3.org/Graphics/SVG/1.1/D/svg_.1d3.delaye]
